<?xml version="1.0" encoding="UTF-8"?>
<!-- Generated by org.testng.reporters.JUnitReportReporter -->
<testsuite hostname="DeepuPinky1429" failures="0" tests="1" name="Maven.ExtentReports.Extentreports" time="9.665" errors="0" timestamp="2022-09-24T12:49:53 IST" skipped="0">
  <testcase classname="Maven.ExtentReports.Extentreports" name="hitUrl" time="9.665"/>
  <system-out/>
</testsuite> <!-- Maven.ExtentReports.Extentreports -->
